<?xml version="1.0" encoding="UTF-8" ?>
<testsuite tests="11" failures="0" name="TestRunner" time="121.537" errors="0" skipped="0">
  <properties>
[...]
</properties>
  <testcase classname="Customer Register" name="Successful customer registration" time="12.432"/>
  <testcase classname="Customer Register" name="Unsuccessful customer registration, display error message #1" time="7.31"/>
  <testcase classname="Customer Register" name="Unsuccessful customer registration, display error message #2" time="7.729"/>
  <testcase classname="Customer Register" name="Unsuccessful customer registration, display error message #3" time="8.001"/>
  <testcase classname="Customer Register" name="Unsuccessful customer registration, display error message #4" time="9.203"/>
  <testcase classname="Customer Register" name="Unsuccessful customer registration, display error message #5" time="10.721"/>
  <testcase classname="Customer Register" name="Unsuccessful customer registration, display error message #6" time="14.91"/>
  <testcase classname="Customer Register" name="Unsuccessful customer registration, display error message #7" time="14.766"/>
  <testcase classname="Customer Register" name="Unsuccessful customer registration, display error message #8" time="14.389"/>
  <testcase classname="Customer Register" name="Unsuccessful customer registration, display error message #9" time="11.163"/>
  <testcase classname="Customer Register" name="Unsuccessful customer registration, display error message #10" time="10.913"/>
</testsuite>